[Tue May 27 2014 14:31:44 GMT+0300 (Jerusalem Daylight Time)] INFO 

[CAT] Initial LOG -----------------------------------------------------------------------
[Tue May 27 2014 14:31:44 GMT+0300 (Jerusalem Daylight Time)] INFO [CAT] Initial CAT process: 13004
[Tue May 27 2014 14:31:44 GMT+0300 (Jerusalem Daylight Time)] DEBUG [CAT] Initial, current location: C:\Users\snirr\workspace\catjs_example\cat-project
[Tue May 27 2014 14:31:44 GMT+0300 (Jerusalem Daylight Time)] DEBUG [CAT] Initial, command line arguments: {"task":["t@server.start"],"argv":{"remain":[],"cooked":["--task","t@server.start"],"original":["-s"]},"home":{"path":"C:\\Users\\snirr\\AppData\\Roaming\\npm\\node_modules\\catjs","working":{"path":"C:\\Users\\snirr\\workspace\\catjs_example\\cat-project"}}}
[Tue May 27 2014 14:31:44 GMT+0300 (Jerusalem Daylight Time)] INFO watch: false kill: -1 process: 13004
[Tue May 27 2014 14:31:44 GMT+0300 (Jerusalem Daylight Time)] WARNING [CAT Config] Missing 'dependencies' configuration section
[Tue May 27 2014 14:31:44 GMT+0300 (Jerusalem Daylight Time)] WARNING "[utils resolver] the object was partially resolved, check your query: scrapfilter"
[Tue May 27 2014 14:31:44 GMT+0300 (Jerusalem Daylight Time)] WARNING "[cat config] No valid configuration, missing 'scrapfilter' entry"
[Tue May 27 2014 14:31:45 GMT+0300 (Jerusalem Daylight Time)] ERROR "[CAT Config Loader] Failed to load required class: C:\Users\snirr\AppData\Roaming\npm\node_modules\catjs\src\module\extension\webserver\action.js" { [Error: ENOENT, no such file or directory 'C:\Users\snirr\workspace\catjs_example\cat-project\src\config\cat.json']
  errno: 34,
  code: 'ENOENT',
  path: 'C:\\Users\\snirr\\workspace\\catjs_example\\cat-project\\src\\config\\cat.json',
  syscall: 'open' }
[Tue May 27 2014 14:31:45 GMT+0300 (Jerusalem Daylight Time)] INFO [CAT] running target: webserver
[Tue May 27 2014 14:31:45 GMT+0300 (Jerusalem Daylight Time)] DEBUG [Action] Instantiating action: webserver
[Tue May 27 2014 14:32:12 GMT+0300 (Jerusalem Daylight Time)] INFO 

[CAT] Initial LOG -----------------------------------------------------------------------
[Tue May 27 2014 14:32:12 GMT+0300 (Jerusalem Daylight Time)] INFO [CAT] Initial CAT process: 19748
[Tue May 27 2014 14:32:12 GMT+0300 (Jerusalem Daylight Time)] DEBUG [CAT] Initial, current location: C:\Users\snirr\workspace\catjs_example\cat-project
[Tue May 27 2014 14:32:12 GMT+0300 (Jerusalem Daylight Time)] DEBUG [CAT] Initial, command line arguments: {"task":["t@server.start"],"argv":{"remain":[],"cooked":["--task","t@server.start"],"original":["-s"]},"home":{"path":"C:\\Users\\snirr\\AppData\\Roaming\\npm\\node_modules\\catjs","working":{"path":"C:\\Users\\snirr\\workspace\\catjs_example\\cat-project"}}}
[Tue May 27 2014 14:32:12 GMT+0300 (Jerusalem Daylight Time)] INFO watch: false kill: -1 process: 19748
[Tue May 27 2014 14:32:12 GMT+0300 (Jerusalem Daylight Time)] WARNING [CAT Config] Missing 'dependencies' configuration section
[Tue May 27 2014 14:32:12 GMT+0300 (Jerusalem Daylight Time)] DEBUG "[cat config] Project's resource 'C:\Users\snirr\workspace\catjs_example\cat-project\src\' already exists"
[Tue May 27 2014 14:32:12 GMT+0300 (Jerusalem Daylight Time)] DEBUG "[cat config] Project's resource 'C:\Users\snirr\workspace\catjs_example\cat-project\target\' already exists"
[Tue May 27 2014 14:32:12 GMT+0300 (Jerusalem Daylight Time)] WARNING "[utils resolver] the object was partially resolved, check your query: scrapfilter"
[Tue May 27 2014 14:32:12 GMT+0300 (Jerusalem Daylight Time)] WARNING "[cat config] No valid configuration, missing 'scrapfilter' entry"
[Tue May 27 2014 14:32:12 GMT+0300 (Jerusalem Daylight Time)] ERROR "[CAT Config Loader] Failed to load required class: C:\Users\snirr\AppData\Roaming\npm\node_modules\catjs\src\module\extension\webserver\action.js" { [Error: ENOENT, no such file or directory 'C:\Users\snirr\workspace\catjs_example\cat-project\src\config\cat.json']
  errno: 34,
  code: 'ENOENT',
  path: 'C:\\Users\\snirr\\workspace\\catjs_example\\cat-project\\src\\config\\cat.json',
  syscall: 'open' }
[Tue May 27 2014 14:32:12 GMT+0300 (Jerusalem Daylight Time)] INFO [CAT] running target: webserver
[Tue May 27 2014 14:32:12 GMT+0300 (Jerusalem Daylight Time)] DEBUG [Action] Instantiating action: webserver
[Tue May 27 2014 14:32:29 GMT+0300 (Jerusalem Daylight Time)] INFO 

[CAT] Initial LOG -----------------------------------------------------------------------
[Tue May 27 2014 14:32:29 GMT+0300 (Jerusalem Daylight Time)] INFO [CAT] Initial CAT process: 15256
[Tue May 27 2014 14:32:29 GMT+0300 (Jerusalem Daylight Time)] DEBUG [CAT] Initial, current location: C:\Users\snirr\workspace\catjs_example\cat-project
[Tue May 27 2014 14:32:29 GMT+0300 (Jerusalem Daylight Time)] DEBUG [CAT] Initial, command line arguments: {"task":["t@clean","t@init","t@scrap","t@inject","t@server.start"],"argv":{"remain":[],"cooked":["--task","t@clean","--task","t@init","--task","t@scrap","--task","t@inject","--task","t@server.start"],"original":["-cbs"]},"home":{"path":"C:\\Users\\snirr\\AppData\\Roaming\\npm\\node_modules\\catjs","working":{"path":"C:\\Users\\snirr\\workspace\\catjs_example\\cat-project"}}}
[Tue May 27 2014 14:32:29 GMT+0300 (Jerusalem Daylight Time)] INFO watch: false kill: -1 process: 15256
[Tue May 27 2014 14:32:29 GMT+0300 (Jerusalem Daylight Time)] WARNING [CAT Config] Missing 'dependencies' configuration section
[Tue May 27 2014 14:32:29 GMT+0300 (Jerusalem Daylight Time)] DEBUG "[cat config] Project's resource 'C:\Users\snirr\workspace\catjs_example\cat-project\src\' already exists"
[Tue May 27 2014 14:32:29 GMT+0300 (Jerusalem Daylight Time)] DEBUG "[cat config] Project's resource 'C:\Users\snirr\workspace\catjs_example\cat-project\target\' already exists"
[Tue May 27 2014 14:32:29 GMT+0300 (Jerusalem Daylight Time)] WARNING "[utils resolver] the object was partially resolved, check your query: scrapfilter"
[Tue May 27 2014 14:32:29 GMT+0300 (Jerusalem Daylight Time)] WARNING "[cat config] No valid configuration, missing 'scrapfilter' entry"
[Tue May 27 2014 14:32:29 GMT+0300 (Jerusalem Daylight Time)] ERROR "[CAT Config Loader] Failed to load required class: C:\Users\snirr\AppData\Roaming\npm\node_modules\catjs\src\module\extension\clean\action.js" { [Error: Cannot find module 'C:\Users\snirr\AppData\Roaming\npm\node_modules\catjs\src\module\extension\clean\action.js'] code: 'MODULE_NOT_FOUND' }
[Tue May 27 2014 14:32:29 GMT+0300 (Jerusalem Daylight Time)] INFO [CAT] running target: clean
[Tue May 27 2014 14:32:29 GMT+0300 (Jerusalem Daylight Time)] DEBUG [Action] Instantiating action: clean
[Tue May 27 2014 14:32:29 GMT+0300 (Jerusalem Daylight Time)] WARNING [CAT base plugin] The current running dependency is: clean that is not supported for the plugin named: p@project.clean that supports the following: manager
[Tue May 27 2014 14:32:29 GMT+0300 (Jerusalem Daylight Time)] WARNING [CAT Action] plugin validation failed, the plugin might not function as expected 
[Tue May 27 2014 14:32:29 GMT+0300 (Jerusalem Daylight Time)] INFO [base extension] Initialized
[Tue May 27 2014 14:32:29 GMT+0300 (Jerusalem Daylight Time)] INFO [CAT] running target: copy
[Tue May 27 2014 14:32:29 GMT+0300 (Jerusalem Daylight Time)] DEBUG [Action] Instantiating action: copy
[Tue May 27 2014 14:32:29 GMT+0300 (Jerusalem Daylight Time)] INFO [base extension] Initialized
[Tue May 27 2014 14:32:29 GMT+0300 (Jerusalem Daylight Time)] INFO [CAT] running target: libraries
[Tue May 27 2014 14:32:29 GMT+0300 (Jerusalem Daylight Time)] DEBUG [Action] Instantiating action: libraries
[Tue May 27 2014 14:32:32 GMT+0300 (Jerusalem Daylight Time)] INFO [CAT] running target: copy
[Tue May 27 2014 14:32:32 GMT+0300 (Jerusalem Daylight Time)] DEBUG [Action] Instantiating action: copy
[Tue May 27 2014 14:32:32 GMT+0300 (Jerusalem Daylight Time)] INFO [CAT] running target: fileparse
[Tue May 27 2014 14:32:32 GMT+0300 (Jerusalem Daylight Time)] DEBUG [Action] Instantiating action: fileparse
[Tue May 27 2014 14:32:32 GMT+0300 (Jerusalem Daylight Time)] INFO [CAT] running target: copy
[Tue May 27 2014 14:32:32 GMT+0300 (Jerusalem Daylight Time)] DEBUG [Action] Instantiating action: copy
[Tue May 27 2014 14:32:32 GMT+0300 (Jerusalem Daylight Time)] INFO [CAT] running target: scrap-common
[Tue May 27 2014 14:32:32 GMT+0300 (Jerusalem Daylight Time)] DEBUG [Action] Instantiating action: scrap-common
[Tue May 27 2014 14:32:32 GMT+0300 (Jerusalem Daylight Time)] INFO [CAT] running target: scrap-sencha
[Tue May 27 2014 14:32:32 GMT+0300 (Jerusalem Daylight Time)] DEBUG [Action] Instantiating action: scrap-sencha
[Tue May 27 2014 14:32:32 GMT+0300 (Jerusalem Daylight Time)] INFO [CAT] running target: scrap-jqm
[Tue May 27 2014 14:32:32 GMT+0300 (Jerusalem Daylight Time)] DEBUG [Action] Instantiating action: scrap-jqm
[Tue May 27 2014 14:32:32 GMT+0300 (Jerusalem Daylight Time)] INFO [CAT] running target: scrap-enyo
[Tue May 27 2014 14:32:32 GMT+0300 (Jerusalem Daylight Time)] DEBUG [Action] Instantiating action: scrap-enyo
[Tue May 27 2014 14:32:32 GMT+0300 (Jerusalem Daylight Time)] INFO [base extension] Initialized
[Tue May 27 2014 14:32:32 GMT+0300 (Jerusalem Daylight Time)] INFO [CAT] running target: scrap
[Tue May 27 2014 14:32:32 GMT+0300 (Jerusalem Daylight Time)] DEBUG [Action] Instantiating action: scrap
[Tue May 27 2014 14:32:32 GMT+0300 (Jerusalem Daylight Time)] INFO [CAT] running target: custom-plugin
[Tue May 27 2014 14:32:32 GMT+0300 (Jerusalem Daylight Time)] DEBUG [Action] Instantiating action: custom-plugin
[Tue May 27 2014 14:32:32 GMT+0300 (Jerusalem Daylight Time)] WARNING "[scrap plugin] Closing Scrap block but with no opening sign";
[Tue May 27 2014 14:32:32 GMT+0300 (Jerusalem Daylight Time)] INFO [CAT] running target: scrap-common
[Tue May 27 2014 14:32:32 GMT+0300 (Jerusalem Daylight Time)] DEBUG [Action] Instantiating action: scrap-common
[Tue May 27 2014 14:32:32 GMT+0300 (Jerusalem Daylight Time)] INFO [CAT] running target: scrap-sencha
[Tue May 27 2014 14:32:32 GMT+0300 (Jerusalem Daylight Time)] DEBUG [Action] Instantiating action: scrap-sencha
[Tue May 27 2014 14:32:32 GMT+0300 (Jerusalem Daylight Time)] INFO [CAT] running target: scrap-jqm
[Tue May 27 2014 14:32:32 GMT+0300 (Jerusalem Daylight Time)] DEBUG [Action] Instantiating action: scrap-jqm
[Tue May 27 2014 14:32:32 GMT+0300 (Jerusalem Daylight Time)] INFO [CAT] running target: scrap-enyo
[Tue May 27 2014 14:32:32 GMT+0300 (Jerusalem Daylight Time)] DEBUG [Action] Instantiating action: scrap-enyo
[Tue May 27 2014 14:32:32 GMT+0300 (Jerusalem Daylight Time)] INFO [base extension] Initialized
[Tue May 27 2014 14:32:32 GMT+0300 (Jerusalem Daylight Time)] INFO [CAT] running target: inject
[Tue May 27 2014 14:32:32 GMT+0300 (Jerusalem Daylight Time)] DEBUG [Action] Instantiating action: inject
[Tue May 27 2014 14:32:32 GMT+0300 (Jerusalem Daylight Time)] INFO [CAT] running target: custom-plugin
[Tue May 27 2014 14:32:32 GMT+0300 (Jerusalem Daylight Time)] DEBUG [Action] Instantiating action: custom-plugin
[Tue May 27 2014 14:32:32 GMT+0300 (Jerusalem Daylight Time)] DEBUG "[cat mdata] CAT metadata file loaded successfully "
[Tue May 27 2014 14:32:32 GMT+0300 (Jerusalem Daylight Time)] DEBUG "[inject ext] Source file 'C:\Users\snirr\workspace\catjs_example\cat-project\src\catexample\index.html' created"
[Tue May 27 2014 14:32:32 GMT+0300 (Jerusalem Daylight Time)] DEBUG "[inject ext] Source file 'C:\Users\snirr\workspace\catjs_example\cat-project\src\catexample\index.html' created"
[Tue May 27 2014 14:32:32 GMT+0300 (Jerusalem Daylight Time)] DEBUG "[inject ext] CAT metadata file saved successfully "
[Tue May 27 2014 14:32:32 GMT+0300 (Jerusalem Daylight Time)] INFO [CAT] running target: minify
[Tue May 27 2014 14:32:32 GMT+0300 (Jerusalem Daylight Time)] DEBUG [Action] Instantiating action: minify
[Tue May 27 2014 14:32:32 GMT+0300 (Jerusalem Daylight Time)] INFO [base extension] Initialized
[Tue May 27 2014 14:32:32 GMT+0300 (Jerusalem Daylight Time)] INFO [CAT] running target: webserver
[Tue May 27 2014 14:32:32 GMT+0300 (Jerusalem Daylight Time)] DEBUG [Action] Instantiating action: webserver
[Tue May 27 2014 14:32:32 GMT+0300 (Jerusalem Daylight Time)] INFO "[webserver ext] Server started"
[Tue May 27 2014 14:38:46 GMT+0300 (Jerusalem Daylight Time)] INFO 

[CAT] Initial LOG -----------------------------------------------------------------------
[Tue May 27 2014 14:38:46 GMT+0300 (Jerusalem Daylight Time)] INFO [CAT] Initial CAT process: 19232
[Tue May 27 2014 14:38:46 GMT+0300 (Jerusalem Daylight Time)] DEBUG [CAT] Initial, current location: C:\Users\snirr\workspace\catjs_example\cat-project
[Tue May 27 2014 14:38:46 GMT+0300 (Jerusalem Daylight Time)] DEBUG [CAT] Initial, command line arguments: {"task":["t@clean","t@init","t@scrap","t@inject","t@server.start"],"argv":{"remain":[],"cooked":["--task","t@clean","--task","t@init","--task","t@scrap","--task","t@inject","--task","t@server.start"],"original":["-cbs"]},"home":{"path":"C:\\Users\\snirr\\AppData\\Roaming\\npm\\node_modules\\catjs","working":{"path":"C:\\Users\\snirr\\workspace\\catjs_example\\cat-project"}}}
[Tue May 27 2014 14:38:46 GMT+0300 (Jerusalem Daylight Time)] INFO watch: false kill: -1 process: 19232
[Tue May 27 2014 14:38:46 GMT+0300 (Jerusalem Daylight Time)] WARNING [CAT Config] Missing 'dependencies' configuration section
[Tue May 27 2014 14:38:46 GMT+0300 (Jerusalem Daylight Time)] DEBUG "[cat config] Project's resource 'C:\Users\snirr\workspace\catjs_example\cat-project\src\' already exists"
[Tue May 27 2014 14:38:46 GMT+0300 (Jerusalem Daylight Time)] DEBUG "[cat config] Project's resource 'C:\Users\snirr\workspace\catjs_example\cat-project\target\' already exists"
[Tue May 27 2014 14:38:46 GMT+0300 (Jerusalem Daylight Time)] WARNING "[utils resolver] the object was partially resolved, check your query: scrapfilter"
[Tue May 27 2014 14:38:46 GMT+0300 (Jerusalem Daylight Time)] WARNING "[cat config] No valid configuration, missing 'scrapfilter' entry"
[Tue May 27 2014 14:38:46 GMT+0300 (Jerusalem Daylight Time)] ERROR "[CAT Config Loader] Failed to load required class: C:\Users\snirr\AppData\Roaming\npm\node_modules\catjs\src\module\extension\clean\action.js" { [Error: Cannot find module 'C:\Users\snirr\AppData\Roaming\npm\node_modules\catjs\src\module\extension\clean\action.js'] code: 'MODULE_NOT_FOUND' }
[Tue May 27 2014 14:38:46 GMT+0300 (Jerusalem Daylight Time)] INFO [CAT] running target: clean
[Tue May 27 2014 14:38:46 GMT+0300 (Jerusalem Daylight Time)] DEBUG [Action] Instantiating action: clean
[Tue May 27 2014 14:38:46 GMT+0300 (Jerusalem Daylight Time)] WARNING [CAT base plugin] The current running dependency is: clean that is not supported for the plugin named: p@project.clean that supports the following: manager
[Tue May 27 2014 14:38:46 GMT+0300 (Jerusalem Daylight Time)] WARNING [CAT Action] plugin validation failed, the plugin might not function as expected 
[Tue May 27 2014 14:38:46 GMT+0300 (Jerusalem Daylight Time)] INFO [base extension] Initialized
[Tue May 27 2014 14:38:46 GMT+0300 (Jerusalem Daylight Time)] INFO [CAT] running target: copy
[Tue May 27 2014 14:38:46 GMT+0300 (Jerusalem Daylight Time)] DEBUG [Action] Instantiating action: copy
[Tue May 27 2014 14:38:46 GMT+0300 (Jerusalem Daylight Time)] INFO [base extension] Initialized
[Tue May 27 2014 14:38:46 GMT+0300 (Jerusalem Daylight Time)] INFO [CAT] running target: libraries
[Tue May 27 2014 14:38:46 GMT+0300 (Jerusalem Daylight Time)] DEBUG [Action] Instantiating action: libraries
[Tue May 27 2014 14:38:48 GMT+0300 (Jerusalem Daylight Time)] INFO [CAT] running target: copy
[Tue May 27 2014 14:38:48 GMT+0300 (Jerusalem Daylight Time)] DEBUG [Action] Instantiating action: copy
[Tue May 27 2014 14:38:48 GMT+0300 (Jerusalem Daylight Time)] INFO [CAT] running target: fileparse
[Tue May 27 2014 14:38:48 GMT+0300 (Jerusalem Daylight Time)] DEBUG [Action] Instantiating action: fileparse
[Tue May 27 2014 14:38:48 GMT+0300 (Jerusalem Daylight Time)] INFO [CAT] running target: copy
[Tue May 27 2014 14:38:48 GMT+0300 (Jerusalem Daylight Time)] DEBUG [Action] Instantiating action: copy
[Tue May 27 2014 14:38:48 GMT+0300 (Jerusalem Daylight Time)] INFO [CAT] running target: scrap-common
[Tue May 27 2014 14:38:48 GMT+0300 (Jerusalem Daylight Time)] DEBUG [Action] Instantiating action: scrap-common
[Tue May 27 2014 14:38:49 GMT+0300 (Jerusalem Daylight Time)] INFO [CAT] running target: scrap-sencha
[Tue May 27 2014 14:38:49 GMT+0300 (Jerusalem Daylight Time)] DEBUG [Action] Instantiating action: scrap-sencha
[Tue May 27 2014 14:38:49 GMT+0300 (Jerusalem Daylight Time)] INFO [CAT] running target: scrap-jqm
[Tue May 27 2014 14:38:49 GMT+0300 (Jerusalem Daylight Time)] DEBUG [Action] Instantiating action: scrap-jqm
[Tue May 27 2014 14:38:49 GMT+0300 (Jerusalem Daylight Time)] INFO [CAT] running target: scrap-enyo
[Tue May 27 2014 14:38:49 GMT+0300 (Jerusalem Daylight Time)] DEBUG [Action] Instantiating action: scrap-enyo
[Tue May 27 2014 14:38:49 GMT+0300 (Jerusalem Daylight Time)] INFO [base extension] Initialized
[Tue May 27 2014 14:38:49 GMT+0300 (Jerusalem Daylight Time)] INFO [CAT] running target: scrap
[Tue May 27 2014 14:38:49 GMT+0300 (Jerusalem Daylight Time)] DEBUG [Action] Instantiating action: scrap
[Tue May 27 2014 14:38:49 GMT+0300 (Jerusalem Daylight Time)] INFO [CAT] running target: custom-plugin
[Tue May 27 2014 14:38:49 GMT+0300 (Jerusalem Daylight Time)] DEBUG [Action] Instantiating action: custom-plugin
[Tue May 27 2014 14:38:49 GMT+0300 (Jerusalem Daylight Time)] WARNING "[scrap plugin] Closing Scrap block but with no opening sign";
[Tue May 27 2014 14:38:49 GMT+0300 (Jerusalem Daylight Time)] INFO [CAT] running target: scrap-common
[Tue May 27 2014 14:38:49 GMT+0300 (Jerusalem Daylight Time)] DEBUG [Action] Instantiating action: scrap-common
[Tue May 27 2014 14:38:49 GMT+0300 (Jerusalem Daylight Time)] INFO [CAT] running target: scrap-sencha
[Tue May 27 2014 14:38:49 GMT+0300 (Jerusalem Daylight Time)] DEBUG [Action] Instantiating action: scrap-sencha
[Tue May 27 2014 14:38:49 GMT+0300 (Jerusalem Daylight Time)] INFO [CAT] running target: scrap-jqm
[Tue May 27 2014 14:38:49 GMT+0300 (Jerusalem Daylight Time)] DEBUG [Action] Instantiating action: scrap-jqm
[Tue May 27 2014 14:38:49 GMT+0300 (Jerusalem Daylight Time)] INFO [CAT] running target: scrap-enyo
[Tue May 27 2014 14:38:49 GMT+0300 (Jerusalem Daylight Time)] DEBUG [Action] Instantiating action: scrap-enyo
[Tue May 27 2014 14:38:49 GMT+0300 (Jerusalem Daylight Time)] INFO [base extension] Initialized
[Tue May 27 2014 14:38:49 GMT+0300 (Jerusalem Daylight Time)] INFO [CAT] running target: inject
[Tue May 27 2014 14:38:49 GMT+0300 (Jerusalem Daylight Time)] DEBUG [Action] Instantiating action: inject
[Tue May 27 2014 14:38:49 GMT+0300 (Jerusalem Daylight Time)] INFO [CAT] running target: custom-plugin
[Tue May 27 2014 14:38:49 GMT+0300 (Jerusalem Daylight Time)] DEBUG [Action] Instantiating action: custom-plugin
[Tue May 27 2014 14:38:49 GMT+0300 (Jerusalem Daylight Time)] DEBUG "[cat mdata] CAT metadata file loaded successfully "
[Tue May 27 2014 14:38:49 GMT+0300 (Jerusalem Daylight Time)] DEBUG "[inject ext] Source file 'C:\Users\snirr\workspace\catjs_example\cat-project\src\catexample\index.html' created"
[Tue May 27 2014 14:38:49 GMT+0300 (Jerusalem Daylight Time)] DEBUG "[inject ext] Source file 'C:\Users\snirr\workspace\catjs_example\cat-project\src\catexample\index.html' created"
[Tue May 27 2014 14:38:49 GMT+0300 (Jerusalem Daylight Time)] DEBUG "[inject ext] CAT metadata file saved successfully "
[Tue May 27 2014 14:38:49 GMT+0300 (Jerusalem Daylight Time)] INFO [CAT] running target: minify
[Tue May 27 2014 14:38:49 GMT+0300 (Jerusalem Daylight Time)] DEBUG [Action] Instantiating action: minify
[Tue May 27 2014 14:38:49 GMT+0300 (Jerusalem Daylight Time)] INFO [base extension] Initialized
[Tue May 27 2014 14:38:49 GMT+0300 (Jerusalem Daylight Time)] INFO [CAT] running target: webserver
[Tue May 27 2014 14:38:49 GMT+0300 (Jerusalem Daylight Time)] DEBUG [Action] Instantiating action: webserver
[Tue May 27 2014 14:38:49 GMT+0300 (Jerusalem Daylight Time)] INFO "[webserver ext] Server started"
[Wed May 28 2014 15:00:22 GMT+0300 (Jerusalem Daylight Time)] INFO 

[CAT] Initial LOG -----------------------------------------------------------------------
[Wed May 28 2014 15:00:22 GMT+0300 (Jerusalem Daylight Time)] INFO [CAT] Initial CAT process: 11040
[Wed May 28 2014 15:00:22 GMT+0300 (Jerusalem Daylight Time)] DEBUG [CAT] Initial, current location: C:\Users\snirr\workspace\catjs_example\cat-project
[Wed May 28 2014 15:00:22 GMT+0300 (Jerusalem Daylight Time)] DEBUG [CAT] Initial, command line arguments: {"task":["t@clean","t@init","t@scrap","t@inject","t@server.start"],"argv":{"remain":[],"cooked":["--task","t@clean","--task","t@init","--task","t@scrap","--task","t@inject","--task","t@server.start"],"original":["-cbs"]},"home":{"path":"C:\\Users\\snirr\\AppData\\Roaming\\npm\\node_modules\\catjs","working":{"path":"C:\\Users\\snirr\\workspace\\catjs_example\\cat-project"}}}
[Wed May 28 2014 15:00:22 GMT+0300 (Jerusalem Daylight Time)] INFO watch: false kill: -1 process: 11040
[Wed May 28 2014 15:00:23 GMT+0300 (Jerusalem Daylight Time)] WARNING [CAT Config] Missing 'dependencies' configuration section
[Wed May 28 2014 15:00:23 GMT+0300 (Jerusalem Daylight Time)] DEBUG "[cat config] Project's resource 'C:\Users\snirr\workspace\catjs_example\cat-project\src\' already exists"
[Wed May 28 2014 15:00:23 GMT+0300 (Jerusalem Daylight Time)] DEBUG "[cat config] Project's resource 'C:\Users\snirr\workspace\catjs_example\cat-project\target\' already exists"
[Wed May 28 2014 15:00:23 GMT+0300 (Jerusalem Daylight Time)] WARNING "[utils resolver] the object was partially resolved, check your query: scrapfilter"
[Wed May 28 2014 15:00:23 GMT+0300 (Jerusalem Daylight Time)] WARNING "[cat config] No valid configuration, missing 'scrapfilter' entry"
[Wed May 28 2014 15:00:23 GMT+0300 (Jerusalem Daylight Time)] ERROR "[CAT Config Loader] Failed to load required class: C:\Users\snirr\AppData\Roaming\npm\node_modules\catjs\src\module\extension\clean\action.js" { [Error: Cannot find module 'C:\Users\snirr\AppData\Roaming\npm\node_modules\catjs\src\module\extension\clean\action.js'] code: 'MODULE_NOT_FOUND' }
[Wed May 28 2014 15:00:23 GMT+0300 (Jerusalem Daylight Time)] INFO [CAT] running target: clean
[Wed May 28 2014 15:00:23 GMT+0300 (Jerusalem Daylight Time)] DEBUG [Action] Instantiating action: clean
[Wed May 28 2014 15:00:23 GMT+0300 (Jerusalem Daylight Time)] WARNING [CAT base plugin] The current running dependency is: clean that is not supported for the plugin named: p@project.clean that supports the following: manager
[Wed May 28 2014 15:00:23 GMT+0300 (Jerusalem Daylight Time)] WARNING [CAT Action] plugin validation failed, the plugin might not function as expected 
[Wed May 28 2014 15:00:23 GMT+0300 (Jerusalem Daylight Time)] INFO [base extension] Initialized
[Wed May 28 2014 15:00:23 GMT+0300 (Jerusalem Daylight Time)] INFO [CAT] running target: copy
[Wed May 28 2014 15:00:23 GMT+0300 (Jerusalem Daylight Time)] DEBUG [Action] Instantiating action: copy
[Wed May 28 2014 15:00:23 GMT+0300 (Jerusalem Daylight Time)] INFO [base extension] Initialized
[Wed May 28 2014 15:00:23 GMT+0300 (Jerusalem Daylight Time)] INFO [CAT] running target: libraries
[Wed May 28 2014 15:00:23 GMT+0300 (Jerusalem Daylight Time)] DEBUG [Action] Instantiating action: libraries
[Wed May 28 2014 15:00:45 GMT+0300 (Jerusalem Daylight Time)] INFO [CAT] running target: copy
[Wed May 28 2014 15:00:45 GMT+0300 (Jerusalem Daylight Time)] DEBUG [Action] Instantiating action: copy
[Wed May 28 2014 15:00:46 GMT+0300 (Jerusalem Daylight Time)] INFO [CAT] running target: fileparse
[Wed May 28 2014 15:00:46 GMT+0300 (Jerusalem Daylight Time)] DEBUG [Action] Instantiating action: fileparse
[Wed May 28 2014 15:00:46 GMT+0300 (Jerusalem Daylight Time)] INFO [CAT] running target: copy
[Wed May 28 2014 15:00:46 GMT+0300 (Jerusalem Daylight Time)] DEBUG [Action] Instantiating action: copy
[Wed May 28 2014 15:00:46 GMT+0300 (Jerusalem Daylight Time)] INFO [CAT] running target: scrap-common
[Wed May 28 2014 15:00:46 GMT+0300 (Jerusalem Daylight Time)] DEBUG [Action] Instantiating action: scrap-common
[Wed May 28 2014 15:00:47 GMT+0300 (Jerusalem Daylight Time)] INFO [CAT] running target: scrap-sencha
[Wed May 28 2014 15:00:47 GMT+0300 (Jerusalem Daylight Time)] DEBUG [Action] Instantiating action: scrap-sencha
[Wed May 28 2014 15:00:47 GMT+0300 (Jerusalem Daylight Time)] INFO [CAT] running target: scrap-jqm
[Wed May 28 2014 15:00:47 GMT+0300 (Jerusalem Daylight Time)] DEBUG [Action] Instantiating action: scrap-jqm
[Wed May 28 2014 15:00:47 GMT+0300 (Jerusalem Daylight Time)] INFO [CAT] running target: scrap-enyo
[Wed May 28 2014 15:00:47 GMT+0300 (Jerusalem Daylight Time)] DEBUG [Action] Instantiating action: scrap-enyo
[Wed May 28 2014 15:00:47 GMT+0300 (Jerusalem Daylight Time)] INFO [base extension] Initialized
[Wed May 28 2014 15:00:47 GMT+0300 (Jerusalem Daylight Time)] INFO [CAT] running target: scrap
[Wed May 28 2014 15:00:47 GMT+0300 (Jerusalem Daylight Time)] DEBUG [Action] Instantiating action: scrap
[Wed May 28 2014 15:00:47 GMT+0300 (Jerusalem Daylight Time)] INFO [CAT] running target: custom-plugin
[Wed May 28 2014 15:00:47 GMT+0300 (Jerusalem Daylight Time)] DEBUG [Action] Instantiating action: custom-plugin
[Wed May 28 2014 15:00:47 GMT+0300 (Jerusalem Daylight Time)] WARNING "[scrap plugin] Closing Scrap block but with no opening sign";
[Wed May 28 2014 15:00:47 GMT+0300 (Jerusalem Daylight Time)] INFO [CAT] running target: scrap-common
[Wed May 28 2014 15:00:47 GMT+0300 (Jerusalem Daylight Time)] DEBUG [Action] Instantiating action: scrap-common
[Wed May 28 2014 15:00:47 GMT+0300 (Jerusalem Daylight Time)] INFO [CAT] running target: scrap-sencha
[Wed May 28 2014 15:00:47 GMT+0300 (Jerusalem Daylight Time)] DEBUG [Action] Instantiating action: scrap-sencha
[Wed May 28 2014 15:00:47 GMT+0300 (Jerusalem Daylight Time)] INFO [CAT] running target: scrap-jqm
[Wed May 28 2014 15:00:47 GMT+0300 (Jerusalem Daylight Time)] DEBUG [Action] Instantiating action: scrap-jqm
[Wed May 28 2014 15:00:47 GMT+0300 (Jerusalem Daylight Time)] INFO [CAT] running target: scrap-enyo
[Wed May 28 2014 15:00:47 GMT+0300 (Jerusalem Daylight Time)] DEBUG [Action] Instantiating action: scrap-enyo
[Wed May 28 2014 15:00:48 GMT+0300 (Jerusalem Daylight Time)] INFO [base extension] Initialized
[Wed May 28 2014 15:00:48 GMT+0300 (Jerusalem Daylight Time)] INFO [CAT] running target: inject
[Wed May 28 2014 15:00:48 GMT+0300 (Jerusalem Daylight Time)] DEBUG [Action] Instantiating action: inject
[Wed May 28 2014 15:00:48 GMT+0300 (Jerusalem Daylight Time)] INFO [CAT] running target: custom-plugin
[Wed May 28 2014 15:00:48 GMT+0300 (Jerusalem Daylight Time)] DEBUG [Action] Instantiating action: custom-plugin
[Wed May 28 2014 15:00:48 GMT+0300 (Jerusalem Daylight Time)] DEBUG "[cat mdata] CAT metadata file loaded successfully "
[Wed May 28 2014 15:00:48 GMT+0300 (Jerusalem Daylight Time)] DEBUG "[inject ext] Source file 'C:\Users\snirr\workspace\catjs_example\cat-project\src\catexample\index.html' created"
[Wed May 28 2014 15:00:48 GMT+0300 (Jerusalem Daylight Time)] DEBUG "[inject ext] Source file 'C:\Users\snirr\workspace\catjs_example\cat-project\src\catexample\index.html' created"
[Wed May 28 2014 15:00:48 GMT+0300 (Jerusalem Daylight Time)] DEBUG "[inject ext] CAT metadata file saved successfully "
[Wed May 28 2014 15:00:48 GMT+0300 (Jerusalem Daylight Time)] INFO [CAT] running target: minify
[Wed May 28 2014 15:00:48 GMT+0300 (Jerusalem Daylight Time)] DEBUG [Action] Instantiating action: minify
[Wed May 28 2014 15:00:51 GMT+0300 (Jerusalem Daylight Time)] INFO [base extension] Initialized
[Wed May 28 2014 15:00:51 GMT+0300 (Jerusalem Daylight Time)] INFO [CAT] running target: webserver
[Wed May 28 2014 15:00:51 GMT+0300 (Jerusalem Daylight Time)] DEBUG [Action] Instantiating action: webserver
[Wed May 28 2014 15:00:52 GMT+0300 (Jerusalem Daylight Time)] INFO "[webserver ext] Server started"
[Wed May 28 2014 15:01:24 GMT+0300 (Jerusalem Daylight Time)] INFO 

[CAT] Initial LOG -----------------------------------------------------------------------
[Wed May 28 2014 15:01:24 GMT+0300 (Jerusalem Daylight Time)] INFO [CAT] Initial CAT process: 4256
[Wed May 28 2014 15:01:24 GMT+0300 (Jerusalem Daylight Time)] DEBUG [CAT] Initial, current location: C:\Users\snirr\workspace\catjs_example\cat-project
[Wed May 28 2014 15:01:24 GMT+0300 (Jerusalem Daylight Time)] DEBUG [CAT] Initial, command line arguments: {"task":["t@clean","t@init","t@scrap","t@inject","t@server.start"],"argv":{"remain":[],"cooked":["--task","t@clean","--task","t@init","--task","t@scrap","--task","t@inject","--task","t@server.start"],"original":["-cbs"]},"home":{"path":"C:\\Users\\snirr\\AppData\\Roaming\\npm\\node_modules\\catjs","working":{"path":"C:\\Users\\snirr\\workspace\\catjs_example\\cat-project"}}}
[Wed May 28 2014 15:01:24 GMT+0300 (Jerusalem Daylight Time)] INFO watch: false kill: -1 process: 4256
[Wed May 28 2014 15:01:24 GMT+0300 (Jerusalem Daylight Time)] WARNING [CAT Config] Missing 'dependencies' configuration section
[Wed May 28 2014 15:01:24 GMT+0300 (Jerusalem Daylight Time)] DEBUG "[cat config] Project's resource 'C:\Users\snirr\workspace\catjs_example\cat-project\src\' already exists"
[Wed May 28 2014 15:01:24 GMT+0300 (Jerusalem Daylight Time)] DEBUG "[cat config] Project's resource 'C:\Users\snirr\workspace\catjs_example\cat-project\target\' already exists"
[Wed May 28 2014 15:01:24 GMT+0300 (Jerusalem Daylight Time)] WARNING "[utils resolver] the object was partially resolved, check your query: scrapfilter"
[Wed May 28 2014 15:01:24 GMT+0300 (Jerusalem Daylight Time)] WARNING "[cat config] No valid configuration, missing 'scrapfilter' entry"
[Wed May 28 2014 15:01:24 GMT+0300 (Jerusalem Daylight Time)] ERROR "[CAT Config Loader] Failed to load required class: C:\Users\snirr\AppData\Roaming\npm\node_modules\catjs\src\module\extension\clean\action.js" { [Error: Cannot find module 'C:\Users\snirr\AppData\Roaming\npm\node_modules\catjs\src\module\extension\clean\action.js'] code: 'MODULE_NOT_FOUND' }
[Wed May 28 2014 15:01:24 GMT+0300 (Jerusalem Daylight Time)] INFO [CAT] running target: clean
[Wed May 28 2014 15:01:24 GMT+0300 (Jerusalem Daylight Time)] DEBUG [Action] Instantiating action: clean
[Wed May 28 2014 15:01:24 GMT+0300 (Jerusalem Daylight Time)] WARNING [CAT base plugin] The current running dependency is: clean that is not supported for the plugin named: p@project.clean that supports the following: manager
[Wed May 28 2014 15:01:24 GMT+0300 (Jerusalem Daylight Time)] WARNING [CAT Action] plugin validation failed, the plugin might not function as expected 
[Wed May 28 2014 15:01:24 GMT+0300 (Jerusalem Daylight Time)] INFO [base extension] Initialized
[Wed May 28 2014 15:01:24 GMT+0300 (Jerusalem Daylight Time)] INFO [CAT] running target: copy
[Wed May 28 2014 15:01:24 GMT+0300 (Jerusalem Daylight Time)] DEBUG [Action] Instantiating action: copy
[Wed May 28 2014 15:01:24 GMT+0300 (Jerusalem Daylight Time)] INFO [base extension] Initialized
[Wed May 28 2014 15:01:24 GMT+0300 (Jerusalem Daylight Time)] INFO [CAT] running target: libraries
[Wed May 28 2014 15:01:24 GMT+0300 (Jerusalem Daylight Time)] DEBUG [Action] Instantiating action: libraries
[Wed May 28 2014 15:01:26 GMT+0300 (Jerusalem Daylight Time)] INFO [CAT] running target: copy
[Wed May 28 2014 15:01:26 GMT+0300 (Jerusalem Daylight Time)] DEBUG [Action] Instantiating action: copy
[Wed May 28 2014 15:01:26 GMT+0300 (Jerusalem Daylight Time)] INFO [CAT] running target: fileparse
[Wed May 28 2014 15:01:26 GMT+0300 (Jerusalem Daylight Time)] DEBUG [Action] Instantiating action: fileparse
[Wed May 28 2014 15:01:26 GMT+0300 (Jerusalem Daylight Time)] INFO [CAT] running target: copy
[Wed May 28 2014 15:01:26 GMT+0300 (Jerusalem Daylight Time)] DEBUG [Action] Instantiating action: copy
[Wed May 28 2014 15:01:26 GMT+0300 (Jerusalem Daylight Time)] INFO [CAT] running target: scrap-common
[Wed May 28 2014 15:01:26 GMT+0300 (Jerusalem Daylight Time)] DEBUG [Action] Instantiating action: scrap-common
[Wed May 28 2014 15:01:26 GMT+0300 (Jerusalem Daylight Time)] INFO [CAT] running target: scrap-sencha
[Wed May 28 2014 15:01:26 GMT+0300 (Jerusalem Daylight Time)] DEBUG [Action] Instantiating action: scrap-sencha
[Wed May 28 2014 15:01:26 GMT+0300 (Jerusalem Daylight Time)] INFO [CAT] running target: scrap-jqm
[Wed May 28 2014 15:01:26 GMT+0300 (Jerusalem Daylight Time)] DEBUG [Action] Instantiating action: scrap-jqm
[Wed May 28 2014 15:01:26 GMT+0300 (Jerusalem Daylight Time)] INFO [CAT] running target: scrap-enyo
[Wed May 28 2014 15:01:26 GMT+0300 (Jerusalem Daylight Time)] DEBUG [Action] Instantiating action: scrap-enyo
[Wed May 28 2014 15:01:26 GMT+0300 (Jerusalem Daylight Time)] INFO [base extension] Initialized
[Wed May 28 2014 15:01:26 GMT+0300 (Jerusalem Daylight Time)] INFO [CAT] running target: scrap
[Wed May 28 2014 15:01:26 GMT+0300 (Jerusalem Daylight Time)] DEBUG [Action] Instantiating action: scrap
[Wed May 28 2014 15:01:26 GMT+0300 (Jerusalem Daylight Time)] INFO [CAT] running target: custom-plugin
[Wed May 28 2014 15:01:26 GMT+0300 (Jerusalem Daylight Time)] DEBUG [Action] Instantiating action: custom-plugin
[Wed May 28 2014 15:01:26 GMT+0300 (Jerusalem Daylight Time)] WARNING "[scrap plugin] Closing Scrap block but with no opening sign";
[Wed May 28 2014 15:01:26 GMT+0300 (Jerusalem Daylight Time)] INFO [CAT] running target: scrap-common
[Wed May 28 2014 15:01:26 GMT+0300 (Jerusalem Daylight Time)] DEBUG [Action] Instantiating action: scrap-common
[Wed May 28 2014 15:01:26 GMT+0300 (Jerusalem Daylight Time)] INFO [CAT] running target: scrap-sencha
[Wed May 28 2014 15:01:26 GMT+0300 (Jerusalem Daylight Time)] DEBUG [Action] Instantiating action: scrap-sencha
[Wed May 28 2014 15:01:26 GMT+0300 (Jerusalem Daylight Time)] INFO [CAT] running target: scrap-jqm
[Wed May 28 2014 15:01:26 GMT+0300 (Jerusalem Daylight Time)] DEBUG [Action] Instantiating action: scrap-jqm
[Wed May 28 2014 15:01:26 GMT+0300 (Jerusalem Daylight Time)] INFO [CAT] running target: scrap-enyo
[Wed May 28 2014 15:01:26 GMT+0300 (Jerusalem Daylight Time)] DEBUG [Action] Instantiating action: scrap-enyo
[Wed May 28 2014 15:01:26 GMT+0300 (Jerusalem Daylight Time)] INFO [base extension] Initialized
[Wed May 28 2014 15:01:26 GMT+0300 (Jerusalem Daylight Time)] INFO [CAT] running target: inject
[Wed May 28 2014 15:01:26 GMT+0300 (Jerusalem Daylight Time)] DEBUG [Action] Instantiating action: inject
[Wed May 28 2014 15:01:26 GMT+0300 (Jerusalem Daylight Time)] INFO [CAT] running target: custom-plugin
[Wed May 28 2014 15:01:26 GMT+0300 (Jerusalem Daylight Time)] DEBUG [Action] Instantiating action: custom-plugin
[Wed May 28 2014 15:01:26 GMT+0300 (Jerusalem Daylight Time)] DEBUG "[cat mdata] CAT metadata file loaded successfully "
[Wed May 28 2014 15:01:26 GMT+0300 (Jerusalem Daylight Time)] DEBUG "[inject ext] Source file 'C:\Users\snirr\workspace\catjs_example\cat-project\src\catexample\index.html' created"
[Wed May 28 2014 15:01:26 GMT+0300 (Jerusalem Daylight Time)] DEBUG "[inject ext] Source file 'C:\Users\snirr\workspace\catjs_example\cat-project\src\catexample\index.html' created"
[Wed May 28 2014 15:01:26 GMT+0300 (Jerusalem Daylight Time)] DEBUG "[inject ext] CAT metadata file saved successfully "
[Wed May 28 2014 15:01:26 GMT+0300 (Jerusalem Daylight Time)] INFO [CAT] running target: minify
[Wed May 28 2014 15:01:26 GMT+0300 (Jerusalem Daylight Time)] DEBUG [Action] Instantiating action: minify
[Wed May 28 2014 15:01:26 GMT+0300 (Jerusalem Daylight Time)] INFO [base extension] Initialized
[Wed May 28 2014 15:01:26 GMT+0300 (Jerusalem Daylight Time)] INFO [CAT] running target: webserver
[Wed May 28 2014 15:01:26 GMT+0300 (Jerusalem Daylight Time)] DEBUG [Action] Instantiating action: webserver
[Wed May 28 2014 15:01:26 GMT+0300 (Jerusalem Daylight Time)] INFO "[webserver ext] Server started"
[Wed May 28 2014 15:01:46 GMT+0300 (Jerusalem Daylight Time)] INFO requesting EndEndEnd
[Wed May 28 2014 15:01:46 GMT+0300 (Jerusalem Daylight Time)] INFO [30e81349-9b4c-f12c-c0f8-2936cd44ae41] ======== Test End - succeeded ========
[Wed May 28 2014 15:04:05 GMT+0300 (Jerusalem Daylight Time)] INFO requesting EndEndEnd
[Wed May 28 2014 15:04:05 GMT+0300 (Jerusalem Daylight Time)] INFO [30e81349-9b4c-f12c-c0f8-2936cd44ae41] ======== Test End - succeeded ========
[Wed May 28 2014 15:05:53 GMT+0300 (Jerusalem Daylight Time)] INFO 

[CAT] Initial LOG -----------------------------------------------------------------------
[Wed May 28 2014 15:05:53 GMT+0300 (Jerusalem Daylight Time)] INFO [CAT] Initial CAT process: 7656
[Wed May 28 2014 15:05:53 GMT+0300 (Jerusalem Daylight Time)] DEBUG [CAT] Initial, current location: C:\Users\snirr\workspace\catjs_example\cat-project
[Wed May 28 2014 15:05:53 GMT+0300 (Jerusalem Daylight Time)] DEBUG [CAT] Initial, command line arguments: {"task":["t@clean","t@init","t@scrap","t@inject","t@server.start"],"argv":{"remain":[],"cooked":["--task","t@clean","--task","t@init","--task","t@scrap","--task","t@inject","--task","t@server.start"],"original":["-cbs"]},"home":{"path":"C:\\Users\\snirr\\AppData\\Roaming\\npm\\node_modules\\catjs","working":{"path":"C:\\Users\\snirr\\workspace\\catjs_example\\cat-project"}}}
[Wed May 28 2014 15:05:53 GMT+0300 (Jerusalem Daylight Time)] INFO watch: false kill: -1 process: 7656
[Wed May 28 2014 15:05:53 GMT+0300 (Jerusalem Daylight Time)] WARNING [CAT Config] Missing 'dependencies' configuration section
[Wed May 28 2014 15:05:53 GMT+0300 (Jerusalem Daylight Time)] DEBUG "[cat config] Project's resource 'C:\Users\snirr\workspace\catjs_example\cat-project\src\' already exists"
[Wed May 28 2014 15:05:53 GMT+0300 (Jerusalem Daylight Time)] DEBUG "[cat config] Project's resource 'C:\Users\snirr\workspace\catjs_example\cat-project\target\' already exists"
[Wed May 28 2014 15:05:53 GMT+0300 (Jerusalem Daylight Time)] WARNING "[utils resolver] the object was partially resolved, check your query: scrapfilter"
[Wed May 28 2014 15:05:53 GMT+0300 (Jerusalem Daylight Time)] WARNING "[cat config] No valid configuration, missing 'scrapfilter' entry"
[Wed May 28 2014 15:05:53 GMT+0300 (Jerusalem Daylight Time)] ERROR "[CAT Config Loader] Failed to load required class: C:\Users\snirr\AppData\Roaming\npm\node_modules\catjs\src\module\extension\clean\action.js" { [Error: Cannot find module 'C:\Users\snirr\AppData\Roaming\npm\node_modules\catjs\src\module\extension\clean\action.js'] code: 'MODULE_NOT_FOUND' }
[Wed May 28 2014 15:05:53 GMT+0300 (Jerusalem Daylight Time)] INFO [CAT] running target: clean
[Wed May 28 2014 15:05:53 GMT+0300 (Jerusalem Daylight Time)] DEBUG [Action] Instantiating action: clean
[Wed May 28 2014 15:05:53 GMT+0300 (Jerusalem Daylight Time)] WARNING [CAT base plugin] The current running dependency is: clean that is not supported for the plugin named: p@project.clean that supports the following: manager
[Wed May 28 2014 15:05:53 GMT+0300 (Jerusalem Daylight Time)] WARNING [CAT Action] plugin validation failed, the plugin might not function as expected 
[Wed May 28 2014 15:05:53 GMT+0300 (Jerusalem Daylight Time)] INFO [base extension] Initialized
[Wed May 28 2014 15:05:53 GMT+0300 (Jerusalem Daylight Time)] INFO [CAT] running target: copy
[Wed May 28 2014 15:05:53 GMT+0300 (Jerusalem Daylight Time)] DEBUG [Action] Instantiating action: copy
[Wed May 28 2014 15:05:53 GMT+0300 (Jerusalem Daylight Time)] INFO [base extension] Initialized
[Wed May 28 2014 15:05:53 GMT+0300 (Jerusalem Daylight Time)] INFO [CAT] running target: libraries
[Wed May 28 2014 15:05:53 GMT+0300 (Jerusalem Daylight Time)] DEBUG [Action] Instantiating action: libraries
[Wed May 28 2014 15:05:55 GMT+0300 (Jerusalem Daylight Time)] INFO [CAT] running target: copy
[Wed May 28 2014 15:05:55 GMT+0300 (Jerusalem Daylight Time)] DEBUG [Action] Instantiating action: copy
[Wed May 28 2014 15:05:55 GMT+0300 (Jerusalem Daylight Time)] INFO [CAT] running target: fileparse
[Wed May 28 2014 15:05:55 GMT+0300 (Jerusalem Daylight Time)] DEBUG [Action] Instantiating action: fileparse
[Wed May 28 2014 15:05:55 GMT+0300 (Jerusalem Daylight Time)] INFO [CAT] running target: copy
[Wed May 28 2014 15:05:55 GMT+0300 (Jerusalem Daylight Time)] DEBUG [Action] Instantiating action: copy
[Wed May 28 2014 15:05:55 GMT+0300 (Jerusalem Daylight Time)] INFO [CAT] running target: scrap-common
[Wed May 28 2014 15:05:55 GMT+0300 (Jerusalem Daylight Time)] DEBUG [Action] Instantiating action: scrap-common
[Wed May 28 2014 15:05:55 GMT+0300 (Jerusalem Daylight Time)] INFO [CAT] running target: scrap-sencha
[Wed May 28 2014 15:05:55 GMT+0300 (Jerusalem Daylight Time)] DEBUG [Action] Instantiating action: scrap-sencha
[Wed May 28 2014 15:05:55 GMT+0300 (Jerusalem Daylight Time)] INFO [CAT] running target: scrap-jqm
[Wed May 28 2014 15:05:55 GMT+0300 (Jerusalem Daylight Time)] DEBUG [Action] Instantiating action: scrap-jqm
[Wed May 28 2014 15:05:55 GMT+0300 (Jerusalem Daylight Time)] INFO [CAT] running target: scrap-enyo
[Wed May 28 2014 15:05:55 GMT+0300 (Jerusalem Daylight Time)] DEBUG [Action] Instantiating action: scrap-enyo
[Wed May 28 2014 15:05:55 GMT+0300 (Jerusalem Daylight Time)] INFO [base extension] Initialized
[Wed May 28 2014 15:05:55 GMT+0300 (Jerusalem Daylight Time)] INFO [CAT] running target: scrap
[Wed May 28 2014 15:05:55 GMT+0300 (Jerusalem Daylight Time)] DEBUG [Action] Instantiating action: scrap
[Wed May 28 2014 15:05:55 GMT+0300 (Jerusalem Daylight Time)] INFO [CAT] running target: custom-plugin
[Wed May 28 2014 15:05:55 GMT+0300 (Jerusalem Daylight Time)] DEBUG [Action] Instantiating action: custom-plugin
[Wed May 28 2014 15:05:55 GMT+0300 (Jerusalem Daylight Time)] WARNING "[scrap plugin] Closing Scrap block but with no opening sign";
[Wed May 28 2014 15:05:55 GMT+0300 (Jerusalem Daylight Time)] INFO [CAT] running target: scrap-common
[Wed May 28 2014 15:05:55 GMT+0300 (Jerusalem Daylight Time)] DEBUG [Action] Instantiating action: scrap-common
[Wed May 28 2014 15:05:55 GMT+0300 (Jerusalem Daylight Time)] INFO [CAT] running target: scrap-sencha
[Wed May 28 2014 15:05:55 GMT+0300 (Jerusalem Daylight Time)] DEBUG [Action] Instantiating action: scrap-sencha
[Wed May 28 2014 15:05:55 GMT+0300 (Jerusalem Daylight Time)] INFO [CAT] running target: scrap-jqm
[Wed May 28 2014 15:05:55 GMT+0300 (Jerusalem Daylight Time)] DEBUG [Action] Instantiating action: scrap-jqm
[Wed May 28 2014 15:05:55 GMT+0300 (Jerusalem Daylight Time)] INFO [CAT] running target: scrap-enyo
[Wed May 28 2014 15:05:55 GMT+0300 (Jerusalem Daylight Time)] DEBUG [Action] Instantiating action: scrap-enyo
[Wed May 28 2014 15:05:55 GMT+0300 (Jerusalem Daylight Time)] INFO [base extension] Initialized
[Wed May 28 2014 15:05:55 GMT+0300 (Jerusalem Daylight Time)] INFO [CAT] running target: inject
[Wed May 28 2014 15:05:55 GMT+0300 (Jerusalem Daylight Time)] DEBUG [Action] Instantiating action: inject
[Wed May 28 2014 15:05:55 GMT+0300 (Jerusalem Daylight Time)] INFO [CAT] running target: custom-plugin
[Wed May 28 2014 15:05:55 GMT+0300 (Jerusalem Daylight Time)] DEBUG [Action] Instantiating action: custom-plugin
[Wed May 28 2014 15:05:55 GMT+0300 (Jerusalem Daylight Time)] DEBUG "[cat mdata] CAT metadata file loaded successfully "
[Wed May 28 2014 15:05:55 GMT+0300 (Jerusalem Daylight Time)] DEBUG "[inject ext] Source file 'C:\Users\snirr\workspace\catjs_example\cat-project\src\catexample\index.html' created"
[Wed May 28 2014 15:05:55 GMT+0300 (Jerusalem Daylight Time)] DEBUG "[inject ext] Source file 'C:\Users\snirr\workspace\catjs_example\cat-project\src\catexample\index.html' created"
[Wed May 28 2014 15:05:55 GMT+0300 (Jerusalem Daylight Time)] DEBUG "[inject ext] CAT metadata file saved successfully "
[Wed May 28 2014 15:05:55 GMT+0300 (Jerusalem Daylight Time)] INFO [CAT] running target: minify
[Wed May 28 2014 15:05:55 GMT+0300 (Jerusalem Daylight Time)] DEBUG [Action] Instantiating action: minify
[Wed May 28 2014 15:05:56 GMT+0300 (Jerusalem Daylight Time)] INFO [base extension] Initialized
[Wed May 28 2014 15:05:56 GMT+0300 (Jerusalem Daylight Time)] INFO [CAT] running target: webserver
[Wed May 28 2014 15:05:56 GMT+0300 (Jerusalem Daylight Time)] DEBUG [Action] Instantiating action: webserver
[Wed May 28 2014 15:05:56 GMT+0300 (Jerusalem Daylight Time)] INFO "[webserver ext] Server started"
[Wed May 28 2014 15:10:46 GMT+0300 (Jerusalem Daylight Time)] INFO requesting EndEndEnd
[Wed May 28 2014 15:10:46 GMT+0300 (Jerusalem Daylight Time)] INFO [30e81349-9b4c-f12c-c0f8-2936cd44ae41] ======== Test End - succeeded ========
[Sun Jun 01 2014 09:52:45 GMT+0300 (Jerusalem Daylight Time)] INFO 

[CAT] Initial LOG -----------------------------------------------------------------------
[Sun Jun 01 2014 09:52:45 GMT+0300 (Jerusalem Daylight Time)] INFO [CAT] Initial CAT process: 15980
[Sun Jun 01 2014 09:52:45 GMT+0300 (Jerusalem Daylight Time)] DEBUG [CAT] Initial, current location: C:\Users\snirr\workspace\catjs_example\cat-project
[Sun Jun 01 2014 09:52:45 GMT+0300 (Jerusalem Daylight Time)] DEBUG [CAT] Initial, command line arguments: {"task":["t@clean","t@init","t@scrap","t@inject","t@server.start"],"argv":{"remain":[],"cooked":["--task","t@clean","--task","t@init","--task","t@scrap","--task","t@inject","--task","t@server.start"],"original":["-cbs"]},"home":{"path":"C:\\Users\\snirr\\AppData\\Roaming\\npm\\node_modules\\catjs","working":{"path":"C:\\Users\\snirr\\workspace\\catjs_example\\cat-project"}}}
[Sun Jun 01 2014 09:52:45 GMT+0300 (Jerusalem Daylight Time)] INFO watch: false kill: -1 process: 15980
[Sun Jun 01 2014 09:52:45 GMT+0300 (Jerusalem Daylight Time)] WARNING [CAT Config] Missing 'dependencies' configuration section
[Sun Jun 01 2014 09:52:45 GMT+0300 (Jerusalem Daylight Time)] DEBUG "[cat config] Project's resource 'C:\Users\snirr\workspace\catjs_example\cat-project\src\' already exists"
[Sun Jun 01 2014 09:52:45 GMT+0300 (Jerusalem Daylight Time)] DEBUG "[cat config] Project's resource 'C:\Users\snirr\workspace\catjs_example\cat-project\target\' already exists"
[Sun Jun 01 2014 09:52:45 GMT+0300 (Jerusalem Daylight Time)] WARNING "[utils resolver] the object was partially resolved, check your query: scrapfilter"
[Sun Jun 01 2014 09:52:45 GMT+0300 (Jerusalem Daylight Time)] WARNING "[cat config] No valid configuration, missing 'scrapfilter' entry"
[Sun Jun 01 2014 09:52:45 GMT+0300 (Jerusalem Daylight Time)] ERROR "[CAT Config Loader] Failed to load required class: C:\Users\snirr\AppData\Roaming\npm\node_modules\catjs\src\module\extension\clean\action.js" { [Error: Cannot find module 'C:\Users\snirr\AppData\Roaming\npm\node_modules\catjs\src\module\extension\clean\action.js'] code: 'MODULE_NOT_FOUND' }
[Sun Jun 01 2014 09:52:45 GMT+0300 (Jerusalem Daylight Time)] INFO [CAT] running target: clean
[Sun Jun 01 2014 09:52:45 GMT+0300 (Jerusalem Daylight Time)] DEBUG [Action] Instantiating action: clean
[Sun Jun 01 2014 09:52:45 GMT+0300 (Jerusalem Daylight Time)] WARNING [CAT base plugin] The current running dependency is: clean that is not supported for the plugin named: p@project.clean that supports the following: manager
[Sun Jun 01 2014 09:52:45 GMT+0300 (Jerusalem Daylight Time)] WARNING [CAT Action] plugin validation failed, the plugin might not function as expected 
[Sun Jun 01 2014 09:52:45 GMT+0300 (Jerusalem Daylight Time)] INFO [base extension] Initialized
[Sun Jun 01 2014 09:52:45 GMT+0300 (Jerusalem Daylight Time)] INFO [CAT] running target: copy
[Sun Jun 01 2014 09:52:45 GMT+0300 (Jerusalem Daylight Time)] DEBUG [Action] Instantiating action: copy
[Sun Jun 01 2014 09:52:45 GMT+0300 (Jerusalem Daylight Time)] INFO [base extension] Initialized
[Sun Jun 01 2014 09:52:45 GMT+0300 (Jerusalem Daylight Time)] INFO [CAT] running target: libraries
[Sun Jun 01 2014 09:52:45 GMT+0300 (Jerusalem Daylight Time)] DEBUG [Action] Instantiating action: libraries
[Sun Jun 01 2014 09:52:48 GMT+0300 (Jerusalem Daylight Time)] INFO [CAT] running target: copy
[Sun Jun 01 2014 09:52:48 GMT+0300 (Jerusalem Daylight Time)] DEBUG [Action] Instantiating action: copy
[Sun Jun 01 2014 09:52:48 GMT+0300 (Jerusalem Daylight Time)] INFO [CAT] running target: fileparse
[Sun Jun 01 2014 09:52:48 GMT+0300 (Jerusalem Daylight Time)] DEBUG [Action] Instantiating action: fileparse
[Sun Jun 01 2014 09:52:48 GMT+0300 (Jerusalem Daylight Time)] INFO [CAT] running target: copy
[Sun Jun 01 2014 09:52:48 GMT+0300 (Jerusalem Daylight Time)] DEBUG [Action] Instantiating action: copy
[Sun Jun 01 2014 09:52:48 GMT+0300 (Jerusalem Daylight Time)] INFO [CAT] running target: scrap-common
[Sun Jun 01 2014 09:52:48 GMT+0300 (Jerusalem Daylight Time)] DEBUG [Action] Instantiating action: scrap-common
[Sun Jun 01 2014 09:52:48 GMT+0300 (Jerusalem Daylight Time)] INFO [CAT] running target: scrap-sencha
[Sun Jun 01 2014 09:52:48 GMT+0300 (Jerusalem Daylight Time)] DEBUG [Action] Instantiating action: scrap-sencha
[Sun Jun 01 2014 09:52:48 GMT+0300 (Jerusalem Daylight Time)] INFO [CAT] running target: scrap-jqm
[Sun Jun 01 2014 09:52:48 GMT+0300 (Jerusalem Daylight Time)] DEBUG [Action] Instantiating action: scrap-jqm
[Sun Jun 01 2014 09:52:48 GMT+0300 (Jerusalem Daylight Time)] INFO [CAT] running target: scrap-enyo
[Sun Jun 01 2014 09:52:48 GMT+0300 (Jerusalem Daylight Time)] DEBUG [Action] Instantiating action: scrap-enyo
[Sun Jun 01 2014 09:52:48 GMT+0300 (Jerusalem Daylight Time)] INFO [base extension] Initialized
[Sun Jun 01 2014 09:52:48 GMT+0300 (Jerusalem Daylight Time)] INFO [CAT] running target: scrap
[Sun Jun 01 2014 09:52:48 GMT+0300 (Jerusalem Daylight Time)] DEBUG [Action] Instantiating action: scrap
[Sun Jun 01 2014 09:52:48 GMT+0300 (Jerusalem Daylight Time)] INFO [CAT] running target: custom-plugin
[Sun Jun 01 2014 09:52:48 GMT+0300 (Jerusalem Daylight Time)] DEBUG [Action] Instantiating action: custom-plugin
[Sun Jun 01 2014 09:52:48 GMT+0300 (Jerusalem Daylight Time)] WARNING "[scrap plugin] Closing Scrap block but with no opening sign";
[Sun Jun 01 2014 09:52:48 GMT+0300 (Jerusalem Daylight Time)] INFO [CAT] running target: scrap-common
[Sun Jun 01 2014 09:52:48 GMT+0300 (Jerusalem Daylight Time)] DEBUG [Action] Instantiating action: scrap-common
[Sun Jun 01 2014 09:52:48 GMT+0300 (Jerusalem Daylight Time)] INFO [CAT] running target: scrap-sencha
[Sun Jun 01 2014 09:52:48 GMT+0300 (Jerusalem Daylight Time)] DEBUG [Action] Instantiating action: scrap-sencha
[Sun Jun 01 2014 09:52:48 GMT+0300 (Jerusalem Daylight Time)] INFO [CAT] running target: scrap-jqm
[Sun Jun 01 2014 09:52:48 GMT+0300 (Jerusalem Daylight Time)] DEBUG [Action] Instantiating action: scrap-jqm
[Sun Jun 01 2014 09:52:48 GMT+0300 (Jerusalem Daylight Time)] INFO [CAT] running target: scrap-enyo
[Sun Jun 01 2014 09:52:48 GMT+0300 (Jerusalem Daylight Time)] DEBUG [Action] Instantiating action: scrap-enyo
[Sun Jun 01 2014 09:52:48 GMT+0300 (Jerusalem Daylight Time)] INFO [base extension] Initialized
[Sun Jun 01 2014 09:52:48 GMT+0300 (Jerusalem Daylight Time)] INFO [CAT] running target: inject
[Sun Jun 01 2014 09:52:48 GMT+0300 (Jerusalem Daylight Time)] DEBUG [Action] Instantiating action: inject
[Sun Jun 01 2014 09:52:48 GMT+0300 (Jerusalem Daylight Time)] INFO [CAT] running target: custom-plugin
[Sun Jun 01 2014 09:52:48 GMT+0300 (Jerusalem Daylight Time)] DEBUG [Action] Instantiating action: custom-plugin
[Sun Jun 01 2014 09:52:48 GMT+0300 (Jerusalem Daylight Time)] DEBUG "[cat mdata] CAT metadata file loaded successfully "
[Sun Jun 01 2014 09:52:48 GMT+0300 (Jerusalem Daylight Time)] DEBUG "[inject ext] Source file 'C:\Users\snirr\workspace\catjs_example\cat-project\src\catexample\index.html' created"
[Sun Jun 01 2014 09:52:48 GMT+0300 (Jerusalem Daylight Time)] DEBUG "[inject ext] Source file 'C:\Users\snirr\workspace\catjs_example\cat-project\src\catexample\index.html' created"
[Sun Jun 01 2014 09:52:48 GMT+0300 (Jerusalem Daylight Time)] DEBUG "[inject ext] CAT metadata file saved successfully "
[Sun Jun 01 2014 09:52:48 GMT+0300 (Jerusalem Daylight Time)] INFO [CAT] running target: minify
[Sun Jun 01 2014 09:52:48 GMT+0300 (Jerusalem Daylight Time)] DEBUG [Action] Instantiating action: minify
[Sun Jun 01 2014 09:52:49 GMT+0300 (Jerusalem Daylight Time)] INFO [base extension] Initialized
[Sun Jun 01 2014 09:52:49 GMT+0300 (Jerusalem Daylight Time)] INFO [CAT] running target: webserver
[Sun Jun 01 2014 09:52:49 GMT+0300 (Jerusalem Daylight Time)] DEBUG [Action] Instantiating action: webserver
[Sun Jun 01 2014 09:52:49 GMT+0300 (Jerusalem Daylight Time)] INFO "[webserver ext] Server started"
[Sun Jun 01 2014 09:53:21 GMT+0300 (Jerusalem Daylight Time)] INFO requesting EndEndEnd
[Sun Jun 01 2014 09:53:21 GMT+0300 (Jerusalem Daylight Time)] INFO [f0285bec-8b62-17c3-3cc0-4b604050a354] ======== Test End - succeeded ========
[Sun Jun 01 2014 09:59:35 GMT+0300 (Jerusalem Daylight Time)] INFO requesting EndEndEnd
[Sun Jun 01 2014 09:59:35 GMT+0300 (Jerusalem Daylight Time)] INFO [f0285bec-8b62-17c3-3cc0-4b604050a354] ======== Test End - succeeded ========
[Sun Jun 01 2014 10:04:01 GMT+0300 (Jerusalem Daylight Time)] INFO requesting EndEndEnd
[Sun Jun 01 2014 10:04:01 GMT+0300 (Jerusalem Daylight Time)] INFO [f0285bec-8b62-17c3-3cc0-4b604050a354] ======== Test End - succeeded ========
[Sun Jun 01 2014 10:23:30 GMT+0300 (Jerusalem Daylight Time)] INFO requesting EndEndEnd
[Sun Jun 01 2014 10:23:30 GMT+0300 (Jerusalem Daylight Time)] INFO [f0285bec-8b62-17c3-3cc0-4b604050a354] ======== Test End - succeeded ========
[Sun Jun 01 2014 10:36:14 GMT+0300 (Jerusalem Daylight Time)] INFO 

[CAT] Initial LOG -----------------------------------------------------------------------
[Sun Jun 01 2014 10:36:14 GMT+0300 (Jerusalem Daylight Time)] INFO [CAT] Initial CAT process: 17324
[Sun Jun 01 2014 10:36:15 GMT+0300 (Jerusalem Daylight Time)] DEBUG [CAT] Initial, current location: C:\Users\snirr\workspace\catjs_example\cat-project
[Sun Jun 01 2014 10:36:15 GMT+0300 (Jerusalem Daylight Time)] DEBUG [CAT] Initial, command line arguments: {"task":["t@clean","t@init","t@scrap","t@inject","t@server.start"],"argv":{"remain":[],"cooked":["--task","t@clean","--task","t@init","--task","t@scrap","--task","t@inject","--task","t@server.start"],"original":["-cbs"]},"home":{"path":"C:\\Users\\snirr\\AppData\\Roaming\\npm\\node_modules\\catjs","working":{"path":"C:\\Users\\snirr\\workspace\\catjs_example\\cat-project"}}}
[Sun Jun 01 2014 10:36:15 GMT+0300 (Jerusalem Daylight Time)] INFO watch: false kill: -1 process: 17324
[Sun Jun 01 2014 10:36:15 GMT+0300 (Jerusalem Daylight Time)] WARNING [CAT Config] Missing 'dependencies' configuration section
[Sun Jun 01 2014 10:36:15 GMT+0300 (Jerusalem Daylight Time)] DEBUG "[cat config] Project's resource 'C:\Users\snirr\workspace\catjs_example\cat-project\src\' already exists"
[Sun Jun 01 2014 10:36:15 GMT+0300 (Jerusalem Daylight Time)] DEBUG "[cat config] Project's resource 'C:\Users\snirr\workspace\catjs_example\cat-project\target\' already exists"
[Sun Jun 01 2014 10:36:15 GMT+0300 (Jerusalem Daylight Time)] WARNING "[utils resolver] the object was partially resolved, check your query: scrapfilter"
[Sun Jun 01 2014 10:36:15 GMT+0300 (Jerusalem Daylight Time)] WARNING "[cat config] No valid configuration, missing 'scrapfilter' entry"
[Sun Jun 01 2014 10:36:15 GMT+0300 (Jerusalem Daylight Time)] ERROR "[CAT Config Loader] Failed to load required class: C:\Users\snirr\AppData\Roaming\npm\node_modules\catjs\src\module\extension\clean\action.js" { [Error: Cannot find module 'C:\Users\snirr\AppData\Roaming\npm\node_modules\catjs\src\module\extension\clean\action.js'] code: 'MODULE_NOT_FOUND' }
[Sun Jun 01 2014 10:36:15 GMT+0300 (Jerusalem Daylight Time)] INFO [CAT] running target: clean
[Sun Jun 01 2014 10:36:15 GMT+0300 (Jerusalem Daylight Time)] DEBUG [Action] Instantiating action: clean
[Sun Jun 01 2014 10:36:15 GMT+0300 (Jerusalem Daylight Time)] WARNING [CAT base plugin] The current running dependency is: clean that is not supported for the plugin named: p@project.clean that supports the following: manager
[Sun Jun 01 2014 10:36:15 GMT+0300 (Jerusalem Daylight Time)] WARNING [CAT Action] plugin validation failed, the plugin might not function as expected 
[Sun Jun 01 2014 10:36:15 GMT+0300 (Jerusalem Daylight Time)] INFO [base extension] Initialized
[Sun Jun 01 2014 10:36:15 GMT+0300 (Jerusalem Daylight Time)] INFO [CAT] running target: copy
[Sun Jun 01 2014 10:36:15 GMT+0300 (Jerusalem Daylight Time)] DEBUG [Action] Instantiating action: copy
[Sun Jun 01 2014 10:36:16 GMT+0300 (Jerusalem Daylight Time)] INFO [base extension] Initialized
[Sun Jun 01 2014 10:36:16 GMT+0300 (Jerusalem Daylight Time)] INFO [CAT] running target: libraries
[Sun Jun 01 2014 10:36:16 GMT+0300 (Jerusalem Daylight Time)] DEBUG [Action] Instantiating action: libraries
[Sun Jun 01 2014 10:36:26 GMT+0300 (Jerusalem Daylight Time)] INFO [CAT] running target: copy
[Sun Jun 01 2014 10:36:26 GMT+0300 (Jerusalem Daylight Time)] DEBUG [Action] Instantiating action: copy
[Sun Jun 01 2014 10:36:26 GMT+0300 (Jerusalem Daylight Time)] INFO [CAT] running target: fileparse
[Sun Jun 01 2014 10:36:26 GMT+0300 (Jerusalem Daylight Time)] DEBUG [Action] Instantiating action: fileparse
[Sun Jun 01 2014 10:36:26 GMT+0300 (Jerusalem Daylight Time)] INFO [CAT] running target: copy
[Sun Jun 01 2014 10:36:26 GMT+0300 (Jerusalem Daylight Time)] DEBUG [Action] Instantiating action: copy
[Sun Jun 01 2014 10:36:26 GMT+0300 (Jerusalem Daylight Time)] INFO [CAT] running target: scrap-common
[Sun Jun 01 2014 10:36:26 GMT+0300 (Jerusalem Daylight Time)] DEBUG [Action] Instantiating action: scrap-common
[Sun Jun 01 2014 10:36:27 GMT+0300 (Jerusalem Daylight Time)] INFO [CAT] running target: scrap-sencha
[Sun Jun 01 2014 10:36:27 GMT+0300 (Jerusalem Daylight Time)] DEBUG [Action] Instantiating action: scrap-sencha
[Sun Jun 01 2014 10:36:27 GMT+0300 (Jerusalem Daylight Time)] INFO [CAT] running target: scrap-jqm
[Sun Jun 01 2014 10:36:27 GMT+0300 (Jerusalem Daylight Time)] DEBUG [Action] Instantiating action: scrap-jqm
[Sun Jun 01 2014 10:36:27 GMT+0300 (Jerusalem Daylight Time)] INFO [CAT] running target: scrap-enyo
[Sun Jun 01 2014 10:36:27 GMT+0300 (Jerusalem Daylight Time)] DEBUG [Action] Instantiating action: scrap-enyo
[Sun Jun 01 2014 10:36:27 GMT+0300 (Jerusalem Daylight Time)] INFO [base extension] Initialized
[Sun Jun 01 2014 10:36:27 GMT+0300 (Jerusalem Daylight Time)] INFO [CAT] running target: scrap
[Sun Jun 01 2014 10:36:27 GMT+0300 (Jerusalem Daylight Time)] DEBUG [Action] Instantiating action: scrap
[Sun Jun 01 2014 10:36:27 GMT+0300 (Jerusalem Daylight Time)] INFO [CAT] running target: custom-plugin
[Sun Jun 01 2014 10:36:27 GMT+0300 (Jerusalem Daylight Time)] DEBUG [Action] Instantiating action: custom-plugin
[Sun Jun 01 2014 10:36:27 GMT+0300 (Jerusalem Daylight Time)] WARNING "[scrap plugin] Closing Scrap block but with no opening sign";
[Sun Jun 01 2014 10:36:27 GMT+0300 (Jerusalem Daylight Time)] INFO [CAT] running target: scrap-common
[Sun Jun 01 2014 10:36:27 GMT+0300 (Jerusalem Daylight Time)] DEBUG [Action] Instantiating action: scrap-common
[Sun Jun 01 2014 10:36:27 GMT+0300 (Jerusalem Daylight Time)] INFO [CAT] running target: scrap-sencha
[Sun Jun 01 2014 10:36:27 GMT+0300 (Jerusalem Daylight Time)] DEBUG [Action] Instantiating action: scrap-sencha
[Sun Jun 01 2014 10:36:27 GMT+0300 (Jerusalem Daylight Time)] INFO [CAT] running target: scrap-jqm
[Sun Jun 01 2014 10:36:27 GMT+0300 (Jerusalem Daylight Time)] DEBUG [Action] Instantiating action: scrap-jqm
[Sun Jun 01 2014 10:36:27 GMT+0300 (Jerusalem Daylight Time)] INFO [CAT] running target: scrap-enyo
[Sun Jun 01 2014 10:36:27 GMT+0300 (Jerusalem Daylight Time)] DEBUG [Action] Instantiating action: scrap-enyo
[Sun Jun 01 2014 10:36:27 GMT+0300 (Jerusalem Daylight Time)] INFO [base extension] Initialized
[Sun Jun 01 2014 10:36:27 GMT+0300 (Jerusalem Daylight Time)] INFO [CAT] running target: inject
[Sun Jun 01 2014 10:36:27 GMT+0300 (Jerusalem Daylight Time)] DEBUG [Action] Instantiating action: inject
[Sun Jun 01 2014 10:36:27 GMT+0300 (Jerusalem Daylight Time)] INFO [CAT] running target: custom-plugin
[Sun Jun 01 2014 10:36:27 GMT+0300 (Jerusalem Daylight Time)] DEBUG [Action] Instantiating action: custom-plugin
[Sun Jun 01 2014 10:36:27 GMT+0300 (Jerusalem Daylight Time)] DEBUG "[cat mdata] CAT metadata file loaded successfully "
[Sun Jun 01 2014 10:36:27 GMT+0300 (Jerusalem Daylight Time)] DEBUG "[inject ext] Source file 'C:\Users\snirr\workspace\catjs_example\cat-project\src\catexample\index.html' created"
[Sun Jun 01 2014 10:36:27 GMT+0300 (Jerusalem Daylight Time)] DEBUG "[inject ext] Source file 'C:\Users\snirr\workspace\catjs_example\cat-project\src\catexample\index.html' created"
[Sun Jun 01 2014 10:36:27 GMT+0300 (Jerusalem Daylight Time)] DEBUG "[inject ext] CAT metadata file saved successfully "
[Sun Jun 01 2014 10:36:27 GMT+0300 (Jerusalem Daylight Time)] INFO [CAT] running target: minify
[Sun Jun 01 2014 10:36:27 GMT+0300 (Jerusalem Daylight Time)] DEBUG [Action] Instantiating action: minify
[Sun Jun 01 2014 10:36:29 GMT+0300 (Jerusalem Daylight Time)] INFO [base extension] Initialized
[Sun Jun 01 2014 10:36:29 GMT+0300 (Jerusalem Daylight Time)] INFO [CAT] running target: webserver
[Sun Jun 01 2014 10:36:29 GMT+0300 (Jerusalem Daylight Time)] DEBUG [Action] Instantiating action: webserver
[Sun Jun 01 2014 10:36:30 GMT+0300 (Jerusalem Daylight Time)] INFO "[webserver ext] Server started"
[Sun Jun 01 2014 10:36:38 GMT+0300 (Jerusalem Daylight Time)] INFO requesting setUsername[CAT] Test failed, exception: SyntaxError: Unexpected token }failure
[Sun Jun 01 2014 10:36:38 GMT+0300 (Jerusalem Daylight Time)] INFO [855f076e-77de-ff30-229b-60e26d487b4b] Test setUsername [CAT] Test failed, exception: SyntaxError: Unexpected token }
[Sun Jun 01 2014 10:36:40 GMT+0300 (Jerusalem Daylight Time)] INFO requesting setEmailTest Passedsuccess
[Sun Jun 01 2014 10:36:40 GMT+0300 (Jerusalem Daylight Time)] INFO [855f076e-77de-ff30-229b-60e26d487b4b] Test setEmail Test Passed
[Sun Jun 01 2014 10:36:42 GMT+0300 (Jerusalem Daylight Time)] INFO requesting setPasswordTest Passedsuccess
[Sun Jun 01 2014 10:36:42 GMT+0300 (Jerusalem Daylight Time)] INFO [855f076e-77de-ff30-229b-60e26d487b4b] Test setPassword Test Passed
[Sun Jun 01 2014 10:36:44 GMT+0300 (Jerusalem Daylight Time)] INFO requesting setRepeatPasswordTest Passedsuccess
[Sun Jun 01 2014 10:36:44 GMT+0300 (Jerusalem Daylight Time)] INFO [855f076e-77de-ff30-229b-60e26d487b4b] Test setRepeatPassword Test Passed
[Sun Jun 01 2014 10:36:46 GMT+0300 (Jerusalem Daylight Time)] INFO requesting setmobilewebTest Passedsuccess
[Sun Jun 01 2014 10:36:46 GMT+0300 (Jerusalem Daylight Time)] INFO [855f076e-77de-ff30-229b-60e26d487b4b] Test setmobileweb Test Passed
[Sun Jun 01 2014 10:36:48 GMT+0300 (Jerusalem Daylight Time)] INFO requesting setwebTest Passedsuccess
[Sun Jun 01 2014 10:36:48 GMT+0300 (Jerusalem Daylight Time)] INFO [855f076e-77de-ff30-229b-60e26d487b4b] Test setweb Test Passed
[Sun Jun 01 2014 10:36:50 GMT+0300 (Jerusalem Daylight Time)] INFO requesting slider90Test Passedsuccess
[Sun Jun 01 2014 10:36:50 GMT+0300 (Jerusalem Daylight Time)] INFO [855f076e-77de-ff30-229b-60e26d487b4b] Test slider90 Test Passed
[Sun Jun 01 2014 10:37:02 GMT+0300 (Jerusalem Daylight Time)] INFO requesting EndEndEnd
[Sun Jun 01 2014 10:37:02 GMT+0300 (Jerusalem Daylight Time)] INFO [855f076e-77de-ff30-229b-60e26d487b4b] ======== Test End - failed ========
[Sun Jun 01 2014 10:37:06 GMT+0300 (Jerusalem Daylight Time)] INFO 

[CAT] Initial LOG -----------------------------------------------------------------------
[Sun Jun 01 2014 10:37:06 GMT+0300 (Jerusalem Daylight Time)] INFO [CAT] Initial CAT process: 1652
[Sun Jun 01 2014 10:37:06 GMT+0300 (Jerusalem Daylight Time)] DEBUG [CAT] Initial, current location: C:\Users\snirr\workspace\catjs_example\cat-project
[Sun Jun 01 2014 10:37:06 GMT+0300 (Jerusalem Daylight Time)] DEBUG [CAT] Initial, command line arguments: {"task":["t@clean","t@init","t@scrap","t@inject","t@server.start"],"argv":{"remain":[],"cooked":["--task","t@clean","--task","t@init","--task","t@scrap","--task","t@inject","--task","t@server.start"],"original":["-cbs"]},"home":{"path":"C:\\Users\\snirr\\AppData\\Roaming\\npm\\node_modules\\catjs","working":{"path":"C:\\Users\\snirr\\workspace\\catjs_example\\cat-project"}}}
[Sun Jun 01 2014 10:37:06 GMT+0300 (Jerusalem Daylight Time)] INFO watch: false kill: -1 process: 1652
[Sun Jun 01 2014 10:37:06 GMT+0300 (Jerusalem Daylight Time)] WARNING [CAT Config] Missing 'dependencies' configuration section
[Sun Jun 01 2014 10:37:06 GMT+0300 (Jerusalem Daylight Time)] DEBUG "[cat config] Project's resource 'C:\Users\snirr\workspace\catjs_example\cat-project\src\' already exists"
[Sun Jun 01 2014 10:37:06 GMT+0300 (Jerusalem Daylight Time)] DEBUG "[cat config] Project's resource 'C:\Users\snirr\workspace\catjs_example\cat-project\target\' already exists"
[Sun Jun 01 2014 10:37:06 GMT+0300 (Jerusalem Daylight Time)] WARNING "[utils resolver] the object was partially resolved, check your query: scrapfilter"
[Sun Jun 01 2014 10:37:06 GMT+0300 (Jerusalem Daylight Time)] WARNING "[cat config] No valid configuration, missing 'scrapfilter' entry"
[Sun Jun 01 2014 10:37:06 GMT+0300 (Jerusalem Daylight Time)] ERROR "[CAT Config Loader] Failed to load required class: C:\Users\snirr\AppData\Roaming\npm\node_modules\catjs\src\module\extension\clean\action.js" { [Error: Cannot find module 'C:\Users\snirr\AppData\Roaming\npm\node_modules\catjs\src\module\extension\clean\action.js'] code: 'MODULE_NOT_FOUND' }
[Sun Jun 01 2014 10:37:06 GMT+0300 (Jerusalem Daylight Time)] INFO [CAT] running target: clean
[Sun Jun 01 2014 10:37:06 GMT+0300 (Jerusalem Daylight Time)] DEBUG [Action] Instantiating action: clean
[Sun Jun 01 2014 10:37:06 GMT+0300 (Jerusalem Daylight Time)] WARNING [CAT base plugin] The current running dependency is: clean that is not supported for the plugin named: p@project.clean that supports the following: manager
[Sun Jun 01 2014 10:37:06 GMT+0300 (Jerusalem Daylight Time)] WARNING [CAT Action] plugin validation failed, the plugin might not function as expected 
[Sun Jun 01 2014 10:37:06 GMT+0300 (Jerusalem Daylight Time)] INFO [base extension] Initialized
[Sun Jun 01 2014 10:37:06 GMT+0300 (Jerusalem Daylight Time)] INFO [CAT] running target: copy
[Sun Jun 01 2014 10:37:06 GMT+0300 (Jerusalem Daylight Time)] DEBUG [Action] Instantiating action: copy
[Sun Jun 01 2014 10:37:06 GMT+0300 (Jerusalem Daylight Time)] INFO [base extension] Initialized
[Sun Jun 01 2014 10:37:06 GMT+0300 (Jerusalem Daylight Time)] INFO [CAT] running target: libraries
[Sun Jun 01 2014 10:37:06 GMT+0300 (Jerusalem Daylight Time)] DEBUG [Action] Instantiating action: libraries
[Sun Jun 01 2014 10:37:08 GMT+0300 (Jerusalem Daylight Time)] INFO [CAT] running target: copy
[Sun Jun 01 2014 10:37:08 GMT+0300 (Jerusalem Daylight Time)] DEBUG [Action] Instantiating action: copy
[Sun Jun 01 2014 10:37:08 GMT+0300 (Jerusalem Daylight Time)] INFO [CAT] running target: fileparse
[Sun Jun 01 2014 10:37:08 GMT+0300 (Jerusalem Daylight Time)] DEBUG [Action] Instantiating action: fileparse
[Sun Jun 01 2014 10:37:08 GMT+0300 (Jerusalem Daylight Time)] INFO [CAT] running target: copy
[Sun Jun 01 2014 10:37:08 GMT+0300 (Jerusalem Daylight Time)] DEBUG [Action] Instantiating action: copy
[Sun Jun 01 2014 10:37:08 GMT+0300 (Jerusalem Daylight Time)] INFO [CAT] running target: scrap-common
[Sun Jun 01 2014 10:37:08 GMT+0300 (Jerusalem Daylight Time)] DEBUG [Action] Instantiating action: scrap-common
[Sun Jun 01 2014 10:37:09 GMT+0300 (Jerusalem Daylight Time)] INFO [CAT] running target: scrap-sencha
[Sun Jun 01 2014 10:37:09 GMT+0300 (Jerusalem Daylight Time)] DEBUG [Action] Instantiating action: scrap-sencha
[Sun Jun 01 2014 10:37:09 GMT+0300 (Jerusalem Daylight Time)] INFO [CAT] running target: scrap-jqm
[Sun Jun 01 2014 10:37:09 GMT+0300 (Jerusalem Daylight Time)] DEBUG [Action] Instantiating action: scrap-jqm
[Sun Jun 01 2014 10:37:09 GMT+0300 (Jerusalem Daylight Time)] INFO [CAT] running target: scrap-enyo
[Sun Jun 01 2014 10:37:09 GMT+0300 (Jerusalem Daylight Time)] DEBUG [Action] Instantiating action: scrap-enyo
[Sun Jun 01 2014 10:37:09 GMT+0300 (Jerusalem Daylight Time)] INFO [base extension] Initialized
[Sun Jun 01 2014 10:37:09 GMT+0300 (Jerusalem Daylight Time)] INFO [CAT] running target: scrap
[Sun Jun 01 2014 10:37:09 GMT+0300 (Jerusalem Daylight Time)] DEBUG [Action] Instantiating action: scrap
[Sun Jun 01 2014 10:37:09 GMT+0300 (Jerusalem Daylight Time)] INFO [CAT] running target: custom-plugin
[Sun Jun 01 2014 10:37:09 GMT+0300 (Jerusalem Daylight Time)] DEBUG [Action] Instantiating action: custom-plugin
[Sun Jun 01 2014 10:37:09 GMT+0300 (Jerusalem Daylight Time)] WARNING "[scrap plugin] Closing Scrap block but with no opening sign";
[Sun Jun 01 2014 10:37:09 GMT+0300 (Jerusalem Daylight Time)] INFO [CAT] running target: scrap-common
[Sun Jun 01 2014 10:37:09 GMT+0300 (Jerusalem Daylight Time)] DEBUG [Action] Instantiating action: scrap-common
[Sun Jun 01 2014 10:37:09 GMT+0300 (Jerusalem Daylight Time)] INFO [CAT] running target: scrap-sencha
[Sun Jun 01 2014 10:37:09 GMT+0300 (Jerusalem Daylight Time)] DEBUG [Action] Instantiating action: scrap-sencha
[Sun Jun 01 2014 10:37:09 GMT+0300 (Jerusalem Daylight Time)] INFO [CAT] running target: scrap-jqm
[Sun Jun 01 2014 10:37:09 GMT+0300 (Jerusalem Daylight Time)] DEBUG [Action] Instantiating action: scrap-jqm
[Sun Jun 01 2014 10:37:09 GMT+0300 (Jerusalem Daylight Time)] INFO [CAT] running target: scrap-enyo
[Sun Jun 01 2014 10:37:09 GMT+0300 (Jerusalem Daylight Time)] DEBUG [Action] Instantiating action: scrap-enyo
[Sun Jun 01 2014 10:37:09 GMT+0300 (Jerusalem Daylight Time)] INFO [base extension] Initialized
[Sun Jun 01 2014 10:37:09 GMT+0300 (Jerusalem Daylight Time)] INFO [CAT] running target: inject
[Sun Jun 01 2014 10:37:09 GMT+0300 (Jerusalem Daylight Time)] DEBUG [Action] Instantiating action: inject
[Sun Jun 01 2014 10:37:09 GMT+0300 (Jerusalem Daylight Time)] INFO [CAT] running target: custom-plugin
[Sun Jun 01 2014 10:37:09 GMT+0300 (Jerusalem Daylight Time)] DEBUG [Action] Instantiating action: custom-plugin
[Sun Jun 01 2014 10:37:09 GMT+0300 (Jerusalem Daylight Time)] DEBUG "[cat mdata] CAT metadata file loaded successfully "
[Sun Jun 01 2014 10:37:09 GMT+0300 (Jerusalem Daylight Time)] DEBUG "[inject ext] Source file 'C:\Users\snirr\workspace\catjs_example\cat-project\src\catexample\index.html' created"
[Sun Jun 01 2014 10:37:09 GMT+0300 (Jerusalem Daylight Time)] DEBUG "[inject ext] Source file 'C:\Users\snirr\workspace\catjs_example\cat-project\src\catexample\index.html' created"
[Sun Jun 01 2014 10:37:09 GMT+0300 (Jerusalem Daylight Time)] DEBUG "[inject ext] CAT metadata file saved successfully "
[Sun Jun 01 2014 10:37:09 GMT+0300 (Jerusalem Daylight Time)] INFO [CAT] running target: minify
[Sun Jun 01 2014 10:37:09 GMT+0300 (Jerusalem Daylight Time)] DEBUG [Action] Instantiating action: minify
[Sun Jun 01 2014 10:37:09 GMT+0300 (Jerusalem Daylight Time)] INFO [base extension] Initialized
[Sun Jun 01 2014 10:37:09 GMT+0300 (Jerusalem Daylight Time)] INFO [CAT] running target: webserver
[Sun Jun 01 2014 10:37:09 GMT+0300 (Jerusalem Daylight Time)] DEBUG [Action] Instantiating action: webserver
[Sun Jun 01 2014 10:37:09 GMT+0300 (Jerusalem Daylight Time)] INFO "[webserver ext] Server started"
[Sun Jun 01 2014 10:37:13 GMT+0300 (Jerusalem Daylight Time)] INFO requesting setUsernameTest Passedsuccess
[Sun Jun 01 2014 10:37:13 GMT+0300 (Jerusalem Daylight Time)] INFO [855f076e-77de-ff30-229b-60e26d487b4b] Test setUsername Test Passed
[Sun Jun 01 2014 10:37:15 GMT+0300 (Jerusalem Daylight Time)] INFO requesting setEmailTest Passedsuccess
[Sun Jun 01 2014 10:37:15 GMT+0300 (Jerusalem Daylight Time)] INFO [855f076e-77de-ff30-229b-60e26d487b4b] Test setEmail Test Passed
[Sun Jun 01 2014 10:37:17 GMT+0300 (Jerusalem Daylight Time)] INFO requesting setPasswordTest Passedsuccess
[Sun Jun 01 2014 10:37:17 GMT+0300 (Jerusalem Daylight Time)] INFO [855f076e-77de-ff30-229b-60e26d487b4b] Test setPassword Test Passed
[Sun Jun 01 2014 10:37:19 GMT+0300 (Jerusalem Daylight Time)] INFO requesting setRepeatPasswordTest Passedsuccess
[Sun Jun 01 2014 10:37:19 GMT+0300 (Jerusalem Daylight Time)] INFO [855f076e-77de-ff30-229b-60e26d487b4b] Test setRepeatPassword Test Passed
[Sun Jun 01 2014 10:37:21 GMT+0300 (Jerusalem Daylight Time)] INFO requesting setmobilewebTest Passedsuccess
[Sun Jun 01 2014 10:37:21 GMT+0300 (Jerusalem Daylight Time)] INFO [855f076e-77de-ff30-229b-60e26d487b4b] Test setmobileweb Test Passed
[Sun Jun 01 2014 10:37:23 GMT+0300 (Jerusalem Daylight Time)] INFO requesting setwebTest Passedsuccess
[Sun Jun 01 2014 10:37:23 GMT+0300 (Jerusalem Daylight Time)] INFO [855f076e-77de-ff30-229b-60e26d487b4b] Test setweb Test Passed
[Sun Jun 01 2014 10:37:25 GMT+0300 (Jerusalem Daylight Time)] INFO requesting slider90Test Passedsuccess
[Sun Jun 01 2014 10:37:25 GMT+0300 (Jerusalem Daylight Time)] INFO [855f076e-77de-ff30-229b-60e26d487b4b] Test slider90 Test Passed
[Sun Jun 01 2014 10:37:28 GMT+0300 (Jerusalem Daylight Time)] INFO requesting EndEndEnd
[Sun Jun 01 2014 10:37:28 GMT+0300 (Jerusalem Daylight Time)] INFO [855f076e-77de-ff30-229b-60e26d487b4b] ======== Test End - succeeded ========
